<?xml version="1.0" encoding="UTF-8"?>
<testsuite xmlns:xsi="http://www.w3.org/2001/XMLSchema-instance" xsi:noNamespaceSchemaLocation="https://maven.apache.org/surefire/maven-surefire-plugin/xsd/surefire-test-report.xsd" version="3.0.2" name="TestSuite" time="18.718" tests="2" errors="0" skipped="0" failures="2">
  <properties>
[...]
</properties>
  <testcase name="validateVehicleDetailsTest" classname="com.nelsonproject.tests.VehicleDetailsTest" time="5.443">
    <failure message=" Registration mismatch for: AD58 VNF expected [AD58 VNF] but found [AD58VNF]" type="java.lang.AssertionError"><![CDATA[java.lang.AssertionError:  Registration mismatch for: AD58 VNF expected [AD58 VNF] but found [AD58VNF]
	at org.testng.Assert.fail(Assert.java:111)
	at org.testng.Assert.failNotEquals(Assert.java:1590)
	at org.testng.Assert.assertEqualsImpl(Assert.java:150)
	at org.testng.Assert.assertEquals(Assert.java:132)
	at org.testng.Assert.assertEquals(Assert.java:656)
	at com.nelsonproject.tests.VehicleDetailsTest.validateVehicleDetailsTest(VehicleDetailsTest.java:51)
	at java.base/jdk.internal.reflect.DirectMethodHandleAccessor.invoke(DirectMethodHandleAccessor.java:103)
	at java.base/java.lang.reflect.Method.invoke(Method.java:580)
	at org.testng.internal.invokers.MethodInvocationHelper.invokeMethod(MethodInvocationHelper.java:141)
	at org.testng.internal.invokers.TestInvoker.invokeMethod(TestInvoker.java:687)
	at org.testng.internal.invokers.TestInvoker.invokeTestMethod(TestInvoker.java:230)
	at org.testng.internal.invokers.MethodRunner.runInSequence(MethodRunner.java:63)
	at org.testng.internal.invokers.TestInvoker$MethodInvocationAgent.invoke(TestInvoker.java:995)
	at org.testng.internal.invokers.TestInvoker.invokeTestMethods(TestInvoker.java:203)
	at org.testng.internal.invokers.TestMethodWorker.invokeTestMethods(TestMethodWorker.java:154)
	at org.testng.internal.invokers.TestMethodWorker.run(TestMethodWorker.java:134)
	at java.base/java.util.ArrayList.forEach(ArrayList.java:1597)
	at org.testng.TestRunner.privateRun(TestRunner.java:741)
	at org.testng.TestRunner.run(TestRunner.java:616)
	at org.testng.SuiteRunner.runTest(SuiteRunner.java:421)
	at org.testng.SuiteRunner.runSequentially(SuiteRunner.java:413)
	at org.testng.SuiteRunner.privateRun(SuiteRunner.java:373)
	at org.testng.SuiteRunner.run(SuiteRunner.java:312)
	at org.testng.SuiteRunnerWorker.runSuite(SuiteRunnerWorker.java:52)
	at org.testng.SuiteRunnerWorker.run(SuiteRunnerWorker.java:95)
	at org.testng.TestNG.runSuitesSequentially(TestNG.java:1274)
	at org.testng.TestNG.runSuitesLocally(TestNG.java:1208)
	at org.testng.TestNG.runSuites(TestNG.java:1112)
	at org.testng.TestNG.run(TestNG.java:1079)
	at org.apache.maven.surefire.testng.TestNGExecutor.run(TestNGExecutor.java:308)
	at org.apache.maven.surefire.testng.TestNGXmlTestSuite.execute(TestNGXmlTestSuite.java:71)
	at org.apache.maven.surefire.testng.TestNGProvider.invoke(TestNGProvider.java:113)
	at org.apache.maven.surefire.booter.ForkedBooter.runSuitesInProcess(ForkedBooter.java:385)
	at org.apache.maven.surefire.booter.ForkedBooter.execute(ForkedBooter.java:162)
	at org.apache.maven.surefire.booter.ForkedBooter.run(ForkedBooter.java:507)
	at org.apache.maven.surefire.booter.ForkedBooter.main(ForkedBooter.java:495)
]]></failure>
    <system-out><![CDATA[Reading line: SG18 HTN,VOLKSWAGEN,GOLF SE NAVIGATION TSI EVO,2018
Parts: [SG18 HTN, VOLKSWAGEN, GOLF SE NAVIGATION TSI EVO, 2018]
Reading line: AD58 VNF,BMW,120D M SPORT,2008
Parts: [AD58 VNF, BMW, 120D M SPORT, 2008]
Reading line: BW57 BOF,TOYOTA,YARIS T2,2008
Parts: [BW57 BOF, TOYOTA, YARIS T2, 2008]
Reading line: KT17 DLX,SKODA,SUPERB SPORTLINE TDI S-A,2017
Parts: [KT17 DLX, SKODA, SUPERB SPORTLINE TDI S-A, 2017]
AD58VNF
BMW
{SG18 HTN=VOLKSWAGEN,GOLF SE NAVIGATION TSI EVO,2018, BW57 BOF=TOYOTA,YARIS T2,2008, KT17 DLX=SKODA,SUPERB SPORTLINE TDI S-A,2017, AD58 VNF=BMW,120D M SPORT,2008}
[AD58 VNF, BMW, 120D M SPORT, 2008]
]]></system-out>
    <system-err><![CDATA[SLF4J(W): No SLF4J providers were found.
SLF4J(W): Defaulting to no-operation (NOP) logger implementation
SLF4J(W): See https://www.slf4j.org/codes.html#noProviders for further details.
Mar 07, 2025 3:29:27 AM com.nelsonproject.BaseTest setUp
INFO: Running test in..chrome
Mar 07, 2025 3:29:30 AM com.nelsonproject.tests.VehicleDetailsTest validateVehicleDetailsTest
INFO: Extracting vehicle registration numbers....
Mar 07, 2025 3:29:30 AM com.nelsonproject.tests.VehicleDetailsTest validateVehicleDetailsTest
INFO: Starting the validateVehicleDetails 
]]></system-err>
  </testcase>
  <testcase name="validateVehicleDetailsTest" classname="com.nelsonproject.tests.VehicleDetailsTest" time="5.39">
    <failure message=" Registration mismatch for: AD58 VNF expected [AD58 VNF] but found [AD58VNF]" type="java.lang.AssertionError"><![CDATA[java.lang.AssertionError:  Registration mismatch for: AD58 VNF expected [AD58 VNF] but found [AD58VNF]
	at org.testng.Assert.fail(Assert.java:111)
	at org.testng.Assert.failNotEquals(Assert.java:1590)
	at org.testng.Assert.assertEqualsImpl(Assert.java:150)
	at org.testng.Assert.assertEquals(Assert.java:132)
	at org.testng.Assert.assertEquals(Assert.java:656)
	at com.nelsonproject.tests.VehicleDetailsTest.validateVehicleDetailsTest(VehicleDetailsTest.java:51)
	at java.base/jdk.internal.reflect.DirectMethodHandleAccessor.invoke(DirectMethodHandleAccessor.java:103)
	at java.base/java.lang.reflect.Method.invoke(Method.java:580)
	at org.testng.internal.invokers.MethodInvocationHelper.invokeMethod(MethodInvocationHelper.java:141)
	at org.testng.internal.invokers.TestInvoker.invokeMethod(TestInvoker.java:687)
	at org.testng.internal.invokers.TestInvoker.invokeTestMethod(TestInvoker.java:230)
	at org.testng.internal.invokers.MethodRunner.runInSequence(MethodRunner.java:63)
	at org.testng.internal.invokers.TestInvoker$MethodInvocationAgent.invoke(TestInvoker.java:995)
	at org.testng.internal.invokers.TestInvoker.invokeTestMethods(TestInvoker.java:203)
	at org.testng.internal.invokers.TestMethodWorker.invokeTestMethods(TestMethodWorker.java:154)
	at org.testng.internal.invokers.TestMethodWorker.run(TestMethodWorker.java:134)
	at java.base/java.util.ArrayList.forEach(ArrayList.java:1597)
	at org.testng.TestRunner.privateRun(TestRunner.java:741)
	at org.testng.TestRunner.run(TestRunner.java:616)
	at org.testng.SuiteRunner.runTest(SuiteRunner.java:421)
	at org.testng.SuiteRunner.runSequentially(SuiteRunner.java:413)
	at org.testng.SuiteRunner.privateRun(SuiteRunner.java:373)
	at org.testng.SuiteRunner.run(SuiteRunner.java:312)
	at org.testng.SuiteRunnerWorker.runSuite(SuiteRunnerWorker.java:52)
	at org.testng.SuiteRunnerWorker.run(SuiteRunnerWorker.java:95)
	at org.testng.TestNG.runSuitesSequentially(TestNG.java:1274)
	at org.testng.TestNG.runSuitesLocally(TestNG.java:1208)
	at org.testng.TestNG.runSuites(TestNG.java:1112)
	at org.testng.TestNG.run(TestNG.java:1079)
	at org.apache.maven.surefire.testng.TestNGExecutor.run(TestNGExecutor.java:308)
	at org.apache.maven.surefire.testng.TestNGXmlTestSuite.execute(TestNGXmlTestSuite.java:71)
	at org.apache.maven.surefire.testng.TestNGProvider.invoke(TestNGProvider.java:113)
	at org.apache.maven.surefire.booter.ForkedBooter.runSuitesInProcess(ForkedBooter.java:385)
	at org.apache.maven.surefire.booter.ForkedBooter.execute(ForkedBooter.java:162)
	at org.apache.maven.surefire.booter.ForkedBooter.run(ForkedBooter.java:507)
	at org.apache.maven.surefire.booter.ForkedBooter.main(ForkedBooter.java:495)
]]></failure>
    <system-out><![CDATA[Reading line: SG18 HTN,VOLKSWAGEN,GOLF SE NAVIGATION TSI EVO,2018
Parts: [SG18 HTN, VOLKSWAGEN, GOLF SE NAVIGATION TSI EVO, 2018]
Reading line: AD58 VNF,BMW,120D M SPORT,2008
Parts: [AD58 VNF, BMW, 120D M SPORT, 2008]
Reading line: BW57 BOF,TOYOTA,YARIS T2,2008
Parts: [BW57 BOF, TOYOTA, YARIS T2, 2008]
Reading line: KT17 DLX,SKODA,SUPERB SPORTLINE TDI S-A,2017
Parts: [KT17 DLX, SKODA, SUPERB SPORTLINE TDI S-A, 2017]
AD58VNF
BMW
{SG18 HTN=VOLKSWAGEN,GOLF SE NAVIGATION TSI EVO,2018, BW57 BOF=TOYOTA,YARIS T2,2008, KT17 DLX=SKODA,SUPERB SPORTLINE TDI S-A,2017, AD58 VNF=BMW,120D M SPORT,2008}
[AD58 VNF, BMW, 120D M SPORT, 2008]
]]></system-out>
    <system-err><![CDATA[Mar 07, 2025 3:29:35 AM com.nelsonproject.BaseTest tearDown
INFO: Browser is closed
Mar 07, 2025 3:29:36 AM com.nelsonproject.BaseTest setUp
INFO: Running test in..firefox
Mar 07, 2025 3:29:39 AM com.nelsonproject.tests.VehicleDetailsTest validateVehicleDetailsTest
INFO: Extracting vehicle registration numbers....
Mar 07, 2025 3:29:39 AM com.nelsonproject.tests.VehicleDetailsTest validateVehicleDetailsTest
INFO: Starting the validateVehicleDetails 
]]></system-err>
  </testcase>
</testsuite>