<?xml version="1.0" encoding="UTF-8"?>
<!-- Generated by org.testng.reporters.JUnitXMLReporter -->
<testsuite ignored="0" hostname="RM2KXYW2J6" failures="1" tests="1" name="Vehicle Registration Details Tests with chrome browser" time="8.733" errors="0" timestamp="2025-03-07T03:29:35 GMT">
  <testcase classname="com.nelsonproject.tests.VehicleDetailsTest" name="validateVehicleDetailsTest" time="5.441">
    <failure type="java.lang.AssertionError" message=" Registration mismatch for: AD58 VNF expected [AD58 VNF] but found [AD58VNF]">
      <![CDATA[java.lang.AssertionError:  Registration mismatch for: AD58 VNF expected [AD58 VNF] but found [AD58VNF]
at com.nelsonproject.tests.VehicleDetailsTest.validateVehicleDetailsTest(VehicleDetailsTest.java:51)
at java.base/java.util.ArrayList.forEach(ArrayList.java:1597)
... Removed 34 stack frames]]>
    </failure>
  </testcase> <!-- validateVehicleDetailsTest -->
</testsuite> <!-- Vehicle Registration Details Tests with chrome browser -->
